<?xml version="1.0" encoding="UTF-8"?>
<!-- Generated by org.testng.reporters.JUnitReportReporter -->
<testsuite hostname="DESKTOP-N029N8S" failures="0" tests="4" name="com.learnings.runner.Runner" time="39.733" errors="0" timestamp="2021-01-01T08:06:19 PST" skipped="0">
  <testcase classname="com.learnings.runner.Runner" name="runScenario" time="9.448"/>
  <system-out/>
  <testcase classname="com.learnings.runner.Runner" name="runScenario" time="9.803"/>
  <system-out/>
  <testcase classname="com.learnings.runner.Runner" name="runScenario" time="9.429"/>
  <system-out/>
  <testcase classname="com.learnings.runner.Runner" name="runScenario" time="11.053"/>
  <system-out/>
</testsuite> <!-- com.learnings.runner.Runner -->
